
[0m[3mResult #1[0m [0m[1m[31mCRITICAL[39m[0m[39m[0m [1mSecurity group rule allows ingress from public internet.[0m [2m[0m
[0m[0m[90m─────────────────────────────────────────────────────────────────────────────────────────────────────────────────────────────────────────────────────────────────────────────
[0m[0m  [3mchallenge-3/security.tf[2m[3m:16
[0m[0m[90m─────────────────────────────────────────────────────────────────────────────────────────────────────────────────────────────────────────────────────────────────────────────[39m
[0m[0m[90m   11  [0m[0m  [38;5;33mresource[0m [38;5;37m"aws_security_group_rule"[0m [38;5;37m"lb_allow_http_ipv4_ingress"[0m {[0m
[0m[90m   12  [0m[0m    [38;5;245mtype[0m              = [38;5;37m"ingress"[0m
[0m[90m   13  [0m[0m  [0m  [38;5;245mfrom_port[0m         = [38;5;37m80[0m
[0m[90m   14  [0m[0m  [0m  [38;5;245mto_port[0m           = [38;5;37m80[0m
[0m[90m   15  [0m[0m  [0m  [38;5;245mprotocol[0m          = [38;5;37m"tcp"[0m
[0m[31m   16  [0m[0m[31m[[39m[0m[0m [0m  [38;5;245mcidr_blocks[0m       = [[38;5;37m"0.0.0.0/0"[0m][0m
[0m[90m   17  [0m[0m    [38;5;245msecurity_group_id[0m = aws_security_group.load_balancer.id[0m
[0m[90m   18  [0m[0m  }[0m
[0m[90m─────────────────────────────────────────────────────────────────────────────────────────────────────────────────────────────────────────────────────────────────────────────[39m
[0m[0m  [2m        ID[0m[3m aws-ec2-no-public-ingress-sgr
[0m[0m  [2m    Impact[0m Your port exposed to the internet
[0m[0m  [2mResolution[0m Set a more restrictive cidr range
[0m[0m
  [2mMore Information[0m[0m[0m
  [2m-[0m [34mhttps://aquasecurity.github.io/tfsec/v1.28.10/checks/aws/ec2/no-public-ingress-sgr/[0m[0m
  [2m-[0m [34mhttps://registry.terraform.io/providers/hashicorp/aws/latest/docs/resources/security_group_rule#cidr_blocks[0m[0m
[90m─────────────────────────────────────────────────────────────────────────────────────────────────────────────────────────────────────────────────────────────────────────────[39m


[0m[0m[3mResult #2[0m [0m[1m[31mCRITICAL[39m[0m[39m[0m [1mSecurity group rule allows egress to multiple public internet addresses.[0m [2m[0m
[0m[0m[90m─────────────────────────────────────────────────────────────────────────────────────────────────────────────────────────────────────────────────────────────────────────────
[0m[0m  [3mchallenge-3/security.tf[2m[3m:53
[0m[0m[90m─────────────────────────────────────────────────────────────────────────────────────────────────────────────────────────────────────────────────────────────────────────────[39m
[0m[0m[90m   48  [0m[0m  [38;5;33mresource[0m [38;5;37m"aws_security_group_rule"[0m [38;5;37m"asg_allow_http_ipv4_egress"[0m {[0m
[0m[90m   49  [0m[0m    [38;5;245mtype[0m              = [38;5;37m"egress"[0m
[0m[90m   50  [0m[0m  [0m  [38;5;245mfrom_port[0m         = [38;5;37m80[0m
[0m[90m   51  [0m[0m  [0m  [38;5;245mto_port[0m           = [38;5;37m80[0m
[0m[90m   52  [0m[0m  [0m  [38;5;245mprotocol[0m          = [38;5;37m"tcp"[0m
[0m[31m   53  [0m[0m[31m[[39m[0m[0m [0m  [38;5;245mcidr_blocks[0m       = [[38;5;37m"0.0.0.0/0"[0m][0m
[0m[90m   54  [0m[0m    [38;5;245msecurity_group_id[0m = aws_security_group.autoscaling_group.id[0m
[0m[90m   55  [0m[0m  }[0m
[0m[90m─────────────────────────────────────────────────────────────────────────────────────────────────────────────────────────────────────────────────────────────────────────────[39m
[0m[0m  [2m        ID[0m[3m aws-ec2-no-public-egress-sgr
[0m[0m  [2m    Impact[0m Your port is egressing data to the internet
[0m[0m  [2mResolution[0m Set a more restrictive cidr range
[0m[0m
  [2mMore Information[0m[0m[0m
  [2m-[0m [34mhttps://aquasecurity.github.io/tfsec/v1.28.10/checks/aws/ec2/no-public-egress-sgr/[0m[0m
  [2m-[0m [34mhttps://registry.terraform.io/providers/hashicorp/aws/latest/docs/resources/security_group[0m[0m
[90m─────────────────────────────────────────────────────────────────────────────────────────────────────────────────────────────────────────────────────────────────────────────[39m


[0m[0m[3mResult #3[0m [0m[1m[31mCRITICAL[39m[0m[39m[0m [1mSecurity group rule allows egress to multiple public internet addresses.[0m [2m[0m
[0m[0m[90m─────────────────────────────────────────────────────────────────────────────────────────────────────────────────────────────────────────────────────────────────────────────
[0m[0m  [3mchallenge-3/security.tf[2m[3m:62
[0m[0m[90m─────────────────────────────────────────────────────────────────────────────────────────────────────────────────────────────────────────────────────────────────────────────[39m
[0m[0m[90m   57  [0m[0m  [38;5;33mresource[0m [38;5;37m"aws_security_group_rule"[0m [38;5;37m"asg_allow_https_ipv4_egress"[0m {[0m
[0m[90m   58  [0m[0m    [38;5;245mtype[0m              = [38;5;37m"egress"[0m
[0m[90m   59  [0m[0m  [0m  [38;5;245mfrom_port[0m         = [38;5;37m443[0m
[0m[90m   60  [0m[0m  [0m  [38;5;245mto_port[0m           = [38;5;37m443[0m
[0m[90m   61  [0m[0m  [0m  [38;5;245mprotocol[0m          = [38;5;37m"tcp"[0m
[0m[31m   62  [0m[0m[31m[[39m[0m[0m [0m  [38;5;245mcidr_blocks[0m       = [[38;5;37m"0.0.0.0/0"[0m][0m
[0m[90m   63  [0m[0m    [38;5;245msecurity_group_id[0m = aws_security_group.autoscaling_group.id[0m
[0m[90m   64  [0m[0m  }[0m
[0m[90m─────────────────────────────────────────────────────────────────────────────────────────────────────────────────────────────────────────────────────────────────────────────[39m
[0m[0m  [2m        ID[0m[3m aws-ec2-no-public-egress-sgr
[0m[0m  [2m    Impact[0m Your port is egressing data to the internet
[0m[0m  [2mResolution[0m Set a more restrictive cidr range
[0m[0m
  [2mMore Information[0m[0m[0m
  [2m-[0m [34mhttps://aquasecurity.github.io/tfsec/v1.28.10/checks/aws/ec2/no-public-egress-sgr/[0m[0m
  [2m-[0m [34mhttps://registry.terraform.io/providers/hashicorp/aws/latest/docs/resources/security_group[0m[0m
[90m─────────────────────────────────────────────────────────────────────────────────────────────────────────────────────────────────────────────────────────────────────────────[39m


[0m[0m[3mResult #4[0m [0m[1m[31mCRITICAL[39m[0m[39m[0m [1mSecurity group rule allows ingress from public internet.[0m [2m[0m
[0m[0m[90m─────────────────────────────────────────────────────────────────────────────────────────────────────────────────────────────────────────────────────────────────────────────
[0m[0m  [3mchallenge-3/security.tf[2m[3m:80
[0m[0m[90m─────────────────────────────────────────────────────────────────────────────────────────────────────────────────────────────────────────────────────────────────────────────[39m
[0m[0m[90m   75  [0m[0m  [38;5;33mresource[0m [38;5;37m"aws_security_group_rule"[0m [38;5;37m"asg_allow_ssh_ipv4_ingress"[0m {[0m
[0m[90m   76  [0m[0m    [38;5;245mtype[0m              = [38;5;37m"ingress"[0m
[0m[90m   77  [0m[0m  [0m  [38;5;245mfrom_port[0m         = [38;5;37m22[0m
[0m[90m   78  [0m[0m  [0m  [38;5;245mto_port[0m           = [38;5;37m22[0m
[0m[90m   79  [0m[0m  [0m  [38;5;245mprotocol[0m          = [38;5;37m"tcp"[0m
[0m[31m   80  [0m[0m[31m[[39m[0m[0m [0m  [38;5;245mcidr_blocks[0m       = [[38;5;37m"0.0.0.0/0"[0m][0m
[0m[90m   81  [0m[0m    [38;5;245msecurity_group_id[0m = aws_security_group.autoscaling_group.id[0m
[0m[90m   82  [0m[0m  }[0m
[0m[90m─────────────────────────────────────────────────────────────────────────────────────────────────────────────────────────────────────────────────────────────────────────────[39m
[0m[0m  [2m        ID[0m[3m aws-ec2-no-public-ingress-sgr
[0m[0m  [2m    Impact[0m Your port exposed to the internet
[0m[0m  [2mResolution[0m Set a more restrictive cidr range
[0m[0m
  [2mMore Information[0m[0m[0m
  [2m-[0m [34mhttps://aquasecurity.github.io/tfsec/v1.28.10/checks/aws/ec2/no-public-ingress-sgr/[0m[0m
  [2m-[0m [34mhttps://registry.terraform.io/providers/hashicorp/aws/latest/docs/resources/security_group_rule#cidr_blocks[0m[0m
[90m─────────────────────────────────────────────────────────────────────────────────────────────────────────────────────────────────────────────────────────────────────────────[39m


[0m[0m[3mResults #5-6[0m [0m[31mHIGH[39m[0m [1mIAM policy document uses sensitive action 's3:GetObject' on wildcarded resource 'fb058f92-4624-486f-b5c4-2fc56068caee'[0m [2m(2 similar results)[0m
[0m[0m[90m─────────────────────────────────────────────────────────────────────────────────────────────────────────────────────────────────────────────────────────────────────────────
[0m[0m  [3mchallenge-3/iam.tf[2m[3m:6
[0m[0m[90m─────────────────────────────────────────────────────────────────────────────────────────────────────────────────────────────────────────────────────────────────────────────[39m
[0m[0m[90m    1  [0m[0m  [38;5;33mresource[0m [38;5;37m"aws_iam_policy"[0m [38;5;37m"s3_read_policy"[0m {[0m
[0m[90m    .  [0m
[0m[31m    6  [0m[0m[31m[[39m[0m[0m     [38;5;245mVersion[0m = [38;5;37m"2012-10-17"[0m
[0m[90m   ..  [0m
[0m[90m   21  [0m[0m  }[0m
[0m[90m─────────────────────────────────────────────────────────────────────────────────────────────────────────────────────────────────────────────────────────────────────────────[39m
[0m[0m  [2mIndividual Causes
[0m[0m  [2m- [0m[3mchallenge-3/iam.tf[3m[2m:1-21 (aws_iam_policy.s3_read_policy)[0m
[0m[0m  [2m- [0m[3mchallenge-3/iam.tf[2m[3m:1-21 (aws_iam_policy.s3_read_policy)[0m
[0m[0m[90m─────────────────────────────────────────────────────────────────────────────────────────────────────────────────────────────────────────────────────────────────────────────[39m
[0m[0m  [2m        ID[0m[3m aws-iam-no-policy-wildcards
[0m[0m  [2m    Impact[0m Overly permissive policies may grant access to sensitive resources
[0m[0m  [2mResolution[0m Specify the exact permissions required, and to which resources they should apply instead of using wildcards.
[0m[0m
  [2mMore Information[0m[0m[0m
  [2m-[0m [34mhttps://aquasecurity.github.io/tfsec/v1.28.10/checks/aws/iam/no-policy-wildcards/[0m[0m
  [2m-[0m [34mhttps://registry.terraform.io/providers/hashicorp/aws/latest/docs/data-sources/iam_policy_document[0m[0m
[90m─────────────────────────────────────────────────────────────────────────────────────────────────────────────────────────────────────────────────────────────────────────────[39m


[0m[0m[3mResult #7[0m [0m[31mHIGH[39m[0m [1mLaunch template does not require IMDS access to require a token[0m [2m[0m
[0m[0m[90m─────────────────────────────────────────────────────────────────────────────────────────────────────────────────────────────────────────────────────────────────────────────
[0m[0m  [3mchallenge-3/main.tf[2m[3m:1-11
[0m[0m[90m─────────────────────────────────────────────────────────────────────────────────────────────────────────────────────────────────────────────────────────────────────────────[39m
[0m[0m[31m    1  [0m[0m[31m┌[39m[0m[0m [38;5;33mresource[0m [38;5;37m"aws_launch_template"[0m [38;5;37m"main"[0m {[0m
[0m[31m    2  [0m[0m[31m│[39m[0m[0m   [38;5;245mname_prefix[0m            = [38;5;37m"webserver"[0m
[0m[31m    3  [0m[0m[31m│[39m[0m[0m [0m  [38;5;245mimage_id[0m               = [38;5;33mvar[0m.asg_ami[0m
[0m[31m    4  [0m[0m[31m│[39m[0m[0m   [38;5;245minstance_type[0m          = [38;5;33mvar[0m.asg_instance_type[0m
[0m[31m    5  [0m[0m[31m│[39m[0m[0m   [38;5;245muser_data[0m              = [38;5;33mfilebase64[0m([38;5;37m"[0m[38;5;37m${[0mpath.[38;5;33mmodule[0m[38;5;37m}[0m[38;5;37m/install-web-server.sh"[0m)[0m
[0m[31m    6  [0m[0m[31m│[39m[0m[0m   [38;5;245mvpc_security_group_ids[0m = [aws_security_group.autoscaling_group.id][0m
[0m[31m    7  [0m[0m[31m│[39m[0m[0m [0m
[0m[31m    8  [0m[0m[31m│[39m[0m[0m   iam_instance_profile {[0m
[0m[31m    9  [0m[0m[31m└[39m[0m[0m     [38;5;245marn[0m = aws_iam_instance_profile.main.arn[0m
[0m[90m   ..  [0m
[0m[90m─────────────────────────────────────────────────────────────────────────────────────────────────────────────────────────────────────────────────────────────────────────────[39m
[0m[0m  [2m        ID[0m[3m aws-ec2-enforce-launch-config-http-token-imds
[0m[0m  [2m    Impact[0m Instance metadata service can be interacted with freely
[0m[0m  [2mResolution[0m Enable HTTP token requirement for IMDS
[0m[0m
  [2mMore Information[0m[0m[0m
  [2m-[0m [34mhttps://aquasecurity.github.io/tfsec/v1.28.10/checks/aws/ec2/enforce-launch-config-http-token-imds/[0m[0m
  [2m-[0m [34mhttps://registry.terraform.io/providers/hashicorp/aws/latest/docs/resources/instance#metadata-options[0m[0m
[90m─────────────────────────────────────────────────────────────────────────────────────────────────────────────────────────────────────────────────────────────────────────────[39m


[0m[0m[3mResult #8[0m [0m[31mHIGH[39m[0m [1mLoad balancer is exposed publicly.[0m [2m[0m
[0m[0m[90m─────────────────────────────────────────────────────────────────────────────────────────────────────────────────────────────────────────────────────────────────────────────
[0m[0m  [3mchallenge-3/main.tf[2m[3m:24
[0m[0m[90m─────────────────────────────────────────────────────────────────────────────────────────────────────────────────────────────────────────────────────────────────────────────[39m
[0m[0m[90m   22  [0m[0m  [38;5;33mresource[0m [38;5;37m"aws_lb"[0m [38;5;37m"main"[0m {[0m
[0m[90m   23  [0m[0m    [38;5;245mname[0m               = [38;5;37m"lb-challenge-3"[0m
[0m[31m   24  [0m[0m[31m[[39m[0m[0m [0m  [38;5;245minternal[0m           = [38;5;166mfalse[0m[0m [3m[2m[3m(false)[0m
[0m[90m   25  [0m[0m  [0m  [38;5;245mload_balancer_type[0m = [38;5;37m"network"[0m
[0m[90m   26  [0m[0m  [0m  [38;5;245msecurity_groups[0m    = [aws_security_group.load_balancer.id][0m
[0m[90m   27  [0m[0m    [38;5;245msubnets[0m            = [[38;5;64mfor[0m subnet [38;5;64min[0m aws_subnet.public [38;5;245m:[0m subnet.id][0m
[0m[90m   28  [0m[0m  }[0m
[0m[90m─────────────────────────────────────────────────────────────────────────────────────────────────────────────────────────────────────────────────────────────────────────────[39m
[0m[0m  [2m        ID[0m[3m aws-elb-alb-not-public
[0m[0m  [2m    Impact[0m The load balancer is exposed on the internet
[0m[0m  [2mResolution[0m Switch to an internal load balancer or add a tfsec ignore
[0m[0m
  [2mMore Information[0m[0m[0m
  [2m-[0m [34mhttps://aquasecurity.github.io/tfsec/v1.28.10/checks/aws/elb/alb-not-public/[0m[0m
  [2m-[0m [34mhttps://registry.terraform.io/providers/hashicorp/aws/latest/docs/resources/lb[0m[0m
[90m─────────────────────────────────────────────────────────────────────────────────────────────────────────────────────────────────────────────────────────────────────────────[39m


[0m[0m[3mResult #9[0m [0m[31mHIGH[39m[0m [1mCluster does not have storage encryption enabled.[0m [2m[0m
[0m[0m[90m─────────────────────────────────────────────────────────────────────────────────────────────────────────────────────────────────────────────────────────────────────────────
[0m[0m  [3mchallenge-3/rds.tf[2m[3m:10-30
[0m[0m[90m─────────────────────────────────────────────────────────────────────────────────────────────────────────────────────────────────────────────────────────────────────────────[39m
[0m[0m[31m   10  [0m[0m[31m┌[39m[0m[0m [38;5;33mresource[0m [38;5;37m"aws_rds_cluster"[0m [38;5;37m"main"[0m {[0m
[0m[31m   11  [0m[0m[31m│[39m[0m[0m   [38;5;245mcluster_identifier[0m          = [38;5;37m"challenge-3"[0m
[0m[31m   12  [0m[0m[31m│[39m[0m[0m [0m  [38;5;245mavailability_zones[0m          = [[38;5;64mfor[0m subnet [38;5;64min[0m [38;5;33mvar[0m.subnets.private [38;5;245m:[0m subnet.az][0m
[0m[31m   13  [0m[0m[31m│[39m[0m[0m   [38;5;245mengine[0m                      = [38;5;37m"postgres"[0m
[0m[31m   14  [0m[0m[31m│[39m[0m[0m [0m  [38;5;245mengine_mode[0m                 = [38;5;37m"provisioned"[0m
[0m[31m   15  [0m[0m[31m│[39m[0m[0m [0m  [38;5;245mengine_version[0m              = [38;5;33mvar[0m.rds_engine_version[0m
[0m[31m   16  [0m[0m[31m│[39m[0m[0m   [38;5;245mdb_cluster_instance_class[0m   = [38;5;33mvar[0m.rds_instance_class[0m
[0m[31m   17  [0m[0m[31m│[39m[0m[0m   [38;5;245mdb_subnet_group_name[0m        = aws_db_subnet_group.main.id[0m
[0m[31m   18  [0m[0m[31m└[39m[0m[0m   [38;5;245mstorage_type[0m                = [38;5;37m"io1"[0m
[0m[90m   ..  [0m
[0m[90m─────────────────────────────────────────────────────────────────────────────────────────────────────────────────────────────────────────────────────────────────────────────[39m
[0m[0m  [2m        ID[0m[3m aws-rds-encrypt-cluster-storage-data
[0m[0m  [2m    Impact[0m Data can be read from the RDS cluster if it is compromised
[0m[0m  [2mResolution[0m Enable encryption for RDS clusters
[0m[0m
  [2mMore Information[0m[0m[0m
  [2m-[0m [34mhttps://aquasecurity.github.io/tfsec/v1.28.10/checks/aws/rds/encrypt-cluster-storage-data/[0m[0m
  [2m-[0m [34mhttps://registry.terraform.io/providers/hashicorp/aws/latest/docs/resources/rds_cluster[0m[0m
[90m─────────────────────────────────────────────────────────────────────────────────────────────────────────────────────────────────────────────────────────────────────────────[39m


[0m[0m[3mResult #10[0m [0m[31mHIGH[39m[0m [1mNo public access block so not blocking public acls[0m [2m[0m
[0m[0m[90m─────────────────────────────────────────────────────────────────────────────────────────────────────────────────────────────────────────────────────────────────────────────
[0m[0m  [3mchallenge-3/s3.tf[2m[3m:1-8
[0m[0m[90m─────────────────────────────────────────────────────────────────────────────────────────────────────────────────────────────────────────────────────────────────────────────[39m
[0m[0m[31m    1  [0m[0m [0m[0m [38;5;33mresource[0m [38;5;37m"aws_s3_bucket"[0m [38;5;37m"main"[0m {[0m
[0m[31m    2  [0m[0m [0m[0m   [38;5;245mbucket[0m        = [38;5;33mvar[0m.bucket_name[0m
[0m[31m    3  [0m[0m [0m[0m   [38;5;245mforce_destroy[0m = [38;5;166mtrue[0m
[0m[31m    4  [0m[0m [0m[0m [0m[0m
[0m[31m    5  [0m[0m [0m[0m   [38;5;245mtags[0m = {[0m
[0m[31m    6  [0m[0m [0m[0m     [38;5;245mName[0m = [38;5;33mvar[0m.bucket_name[0m
[0m[31m    7  [0m[0m [0m[0m   }[0m
[0m[31m    8  [0m[0m [0m[0m }[0m
[0m[90m─────────────────────────────────────────────────────────────────────────────────────────────────────────────────────────────────────────────────────────────────────────────[39m
[0m[0m  [2m        ID[0m[3m aws-s3-block-public-acls
[0m[0m  [2m    Impact[0m PUT calls with public ACLs specified can make objects public
[0m[0m  [2mResolution[0m Enable blocking any PUT calls with a public ACL specified
[0m[0m
  [2mMore Information[0m[0m[0m
  [2m-[0m [34mhttps://aquasecurity.github.io/tfsec/v1.28.10/checks/aws/s3/block-public-acls/[0m[0m
  [2m-[0m [34mhttps://registry.terraform.io/providers/hashicorp/aws/latest/docs/resources/s3_bucket_public_access_block#block_public_acls[0m[0m
[90m─────────────────────────────────────────────────────────────────────────────────────────────────────────────────────────────────────────────────────────────────────────────[39m


[0m[0m[3mResult #11[0m [0m[31mHIGH[39m[0m [1mNo public access block so not blocking public policies[0m [2m[0m
[0m[0m[90m─────────────────────────────────────────────────────────────────────────────────────────────────────────────────────────────────────────────────────────────────────────────
[0m[0m  [3mchallenge-3/s3.tf[2m[3m:1-8
[0m[0m[90m─────────────────────────────────────────────────────────────────────────────────────────────────────────────────────────────────────────────────────────────────────────────[39m
[0m[0m[31m    1  [0m[0m [0m[0m [38;5;33mresource[0m [38;5;37m"aws_s3_bucket"[0m [38;5;37m"main"[0m {[0m
[0m[31m    2  [0m[0m [0m[0m   [38;5;245mbucket[0m        = [38;5;33mvar[0m.bucket_name[0m
[0m[31m    3  [0m[0m [0m[0m   [38;5;245mforce_destroy[0m = [38;5;166mtrue[0m
[0m[31m    4  [0m[0m [0m[0m [0m[0m
[0m[31m    5  [0m[0m [0m[0m   [38;5;245mtags[0m = {[0m
[0m[31m    6  [0m[0m [0m[0m     [38;5;245mName[0m = [38;5;33mvar[0m.bucket_name[0m
[0m[31m    7  [0m[0m [0m[0m   }[0m
[0m[31m    8  [0m[0m [0m[0m }[0m
[0m[90m─────────────────────────────────────────────────────────────────────────────────────────────────────────────────────────────────────────────────────────────────────────────[39m
[0m[0m  [2m        ID[0m[3m aws-s3-block-public-policy
[0m[0m  [2m    Impact[0m Users could put a policy that allows public access
[0m[0m  [2mResolution[0m Prevent policies that allow public access being PUT
[0m[0m
  [2mMore Information[0m[0m[0m
  [2m-[0m [34mhttps://aquasecurity.github.io/tfsec/v1.28.10/checks/aws/s3/block-public-policy/[0m[0m
  [2m-[0m [34mhttps://registry.terraform.io/providers/hashicorp/aws/latest/docs/resources/s3_bucket_public_access_block#block_public_policy[0m[0m
[90m─────────────────────────────────────────────────────────────────────────────────────────────────────────────────────────────────────────────────────────────────────────────[39m


[0m[0m[3mResult #12[0m [0m[31mHIGH[39m[0m [1mBucket does not have encryption enabled[0m [2m[0m
[0m[0m[90m─────────────────────────────────────────────────────────────────────────────────────────────────────────────────────────────────────────────────────────────────────────────
[0m[0m  [3mchallenge-3/s3.tf[2m[3m:1-8
[0m[0m[90m─────────────────────────────────────────────────────────────────────────────────────────────────────────────────────────────────────────────────────────────────────────────[39m
[0m[0m[31m    1  [0m[0m [0m[0m [38;5;33mresource[0m [38;5;37m"aws_s3_bucket"[0m [38;5;37m"main"[0m {[0m
[0m[31m    2  [0m[0m [0m[0m   [38;5;245mbucket[0m        = [38;5;33mvar[0m.bucket_name[0m
[0m[31m    3  [0m[0m [0m[0m   [38;5;245mforce_destroy[0m = [38;5;166mtrue[0m
[0m[31m    4  [0m[0m [0m[0m [0m[0m
[0m[31m    5  [0m[0m [0m[0m   [38;5;245mtags[0m = {[0m
[0m[31m    6  [0m[0m [0m[0m     [38;5;245mName[0m = [38;5;33mvar[0m.bucket_name[0m
[0m[31m    7  [0m[0m [0m[0m   }[0m
[0m[31m    8  [0m[0m [0m[0m }[0m
[0m[90m─────────────────────────────────────────────────────────────────────────────────────────────────────────────────────────────────────────────────────────────────────────────[39m
[0m[0m  [2m        ID[0m[3m aws-s3-enable-bucket-encryption
[0m[0m  [2m    Impact[0m The bucket objects could be read if compromised
[0m[0m  [2mResolution[0m Configure bucket encryption
[0m[0m
  [2mMore Information[0m[0m[0m
  [2m-[0m [34mhttps://aquasecurity.github.io/tfsec/v1.28.10/checks/aws/s3/enable-bucket-encryption/[0m[0m
  [2m-[0m [34mhttps://registry.terraform.io/providers/hashicorp/aws/latest/docs/resources/s3_bucket#enable-default-server-side-encryption[0m[0m
[90m─────────────────────────────────────────────────────────────────────────────────────────────────────────────────────────────────────────────────────────────────────────────[39m


[0m[0m[3mResult #13[0m [0m[31mHIGH[39m[0m [1mNo public access block so not ignoring public acls[0m [2m[0m
[0m[0m[90m─────────────────────────────────────────────────────────────────────────────────────────────────────────────────────────────────────────────────────────────────────────────
[0m[0m  [3mchallenge-3/s3.tf[2m[3m:1-8
[0m[0m[90m─────────────────────────────────────────────────────────────────────────────────────────────────────────────────────────────────────────────────────────────────────────────[39m
[0m[0m[31m    1  [0m[0m [0m[0m [38;5;33mresource[0m [38;5;37m"aws_s3_bucket"[0m [38;5;37m"main"[0m {[0m
[0m[31m    2  [0m[0m [0m[0m   [38;5;245mbucket[0m        = [38;5;33mvar[0m.bucket_name[0m
[0m[31m    3  [0m[0m [0m[0m   [38;5;245mforce_destroy[0m = [38;5;166mtrue[0m
[0m[31m    4  [0m[0m [0m[0m [0m[0m
[0m[31m    5  [0m[0m [0m[0m   [38;5;245mtags[0m = {[0m
[0m[31m    6  [0m[0m [0m[0m     [38;5;245mName[0m = [38;5;33mvar[0m.bucket_name[0m
[0m[31m    7  [0m[0m [0m[0m   }[0m
[0m[31m    8  [0m[0m [0m[0m }[0m
[0m[90m─────────────────────────────────────────────────────────────────────────────────────────────────────────────────────────────────────────────────────────────────────────────[39m
[0m[0m  [2m        ID[0m[3m aws-s3-ignore-public-acls
[0m[0m  [2m    Impact[0m PUT calls with public ACLs specified can make objects public
[0m[0m  [2mResolution[0m Enable ignoring the application of public ACLs in PUT calls
[0m[0m
  [2mMore Information[0m[0m[0m
  [2m-[0m [34mhttps://aquasecurity.github.io/tfsec/v1.28.10/checks/aws/s3/ignore-public-acls/[0m[0m
  [2m-[0m [34mhttps://registry.terraform.io/providers/hashicorp/aws/latest/docs/resources/s3_bucket_public_access_block#ignore_public_acls[0m[0m
[90m─────────────────────────────────────────────────────────────────────────────────────────────────────────────────────────────────────────────────────────────────────────────[39m


[0m[0m[3mResult #14[0m [0m[31mHIGH[39m[0m [1mNo public access block so not restricting public buckets[0m [2m[0m
[0m[0m[90m─────────────────────────────────────────────────────────────────────────────────────────────────────────────────────────────────────────────────────────────────────────────
[0m[0m  [3mchallenge-3/s3.tf[2m[3m:1-8
[0m[0m[90m─────────────────────────────────────────────────────────────────────────────────────────────────────────────────────────────────────────────────────────────────────────────[39m
[0m[0m[31m    1  [0m[0m [0m[0m [38;5;33mresource[0m [38;5;37m"aws_s3_bucket"[0m [38;5;37m"main"[0m {[0m
[0m[31m    2  [0m[0m [0m[0m   [38;5;245mbucket[0m        = [38;5;33mvar[0m.bucket_name[0m
[0m[31m    3  [0m[0m [0m[0m   [38;5;245mforce_destroy[0m = [38;5;166mtrue[0m
[0m[31m    4  [0m[0m [0m[0m [0m[0m
[0m[31m    5  [0m[0m [0m[0m   [38;5;245mtags[0m = {[0m
[0m[31m    6  [0m[0m [0m[0m     [38;5;245mName[0m = [38;5;33mvar[0m.bucket_name[0m
[0m[31m    7  [0m[0m [0m[0m   }[0m
[0m[31m    8  [0m[0m [0m[0m }[0m
[0m[90m─────────────────────────────────────────────────────────────────────────────────────────────────────────────────────────────────────────────────────────────────────────────[39m
[0m[0m  [2m        ID[0m[3m aws-s3-no-public-buckets
[0m[0m  [2m    Impact[0m Public buckets can be accessed by anyone
[0m[0m  [2mResolution[0m Limit the access to public buckets to only the owner or AWS Services (eg; CloudFront)
[0m[0m
  [2mMore Information[0m[0m[0m
  [2m-[0m [34mhttps://aquasecurity.github.io/tfsec/v1.28.10/checks/aws/s3/no-public-buckets/[0m[0m
  [2m-[0m [34mhttps://registry.terraform.io/providers/hashicorp/aws/latest/docs/resources/s3_bucket_public_access_block#restrict_public_buckets¡[0m[0m
[90m─────────────────────────────────────────────────────────────────────────────────────────────────────────────────────────────────────────────────────────────────────────────[39m


[0m[0m[3mResult #15[0m [0m[31mHIGH[39m[0m [1mBucket does not encrypt data with a customer managed key.[0m [2m[0m
[0m[0m[90m─────────────────────────────────────────────────────────────────────────────────────────────────────────────────────────────────────────────────────────────────────────────
[0m[0m  [3mchallenge-3/s3.tf[2m[3m:1-8
[0m[0m[90m─────────────────────────────────────────────────────────────────────────────────────────────────────────────────────────────────────────────────────────────────────────────[39m
[0m[0m[31m    1  [0m[0m [0m[0m [38;5;33mresource[0m [38;5;37m"aws_s3_bucket"[0m [38;5;37m"main"[0m {[0m
[0m[31m    2  [0m[0m [0m[0m   [38;5;245mbucket[0m        = [38;5;33mvar[0m.bucket_name[0m
[0m[31m    3  [0m[0m [0m[0m   [38;5;245mforce_destroy[0m = [38;5;166mtrue[0m
[0m[31m    4  [0m[0m [0m[0m [0m[0m
[0m[31m    5  [0m[0m [0m[0m   [38;5;245mtags[0m = {[0m
[0m[31m    6  [0m[0m [0m[0m     [38;5;245mName[0m = [38;5;33mvar[0m.bucket_name[0m
[0m[31m    7  [0m[0m [0m[0m   }[0m
[0m[31m    8  [0m[0m [0m[0m }[0m
[0m[90m─────────────────────────────────────────────────────────────────────────────────────────────────────────────────────────────────────────────────────────────────────────────[39m
[0m[0m  [2m        ID[0m[3m aws-s3-encryption-customer-key
[0m[0m  [2m    Impact[0m Using AWS managed keys does not allow for fine grained control
[0m[0m  [2mResolution[0m Enable encryption using customer managed keys
[0m[0m
  [2mMore Information[0m[0m[0m
  [2m-[0m [34mhttps://aquasecurity.github.io/tfsec/v1.28.10/checks/aws/s3/encryption-customer-key/[0m[0m
  [2m-[0m [34mhttps://registry.terraform.io/providers/hashicorp/aws/latest/docs/resources/s3_bucket#enable-default-server-side-encryption[0m[0m
[90m─────────────────────────────────────────────────────────────────────────────────────────────────────────────────────────────────────────────────────────────────────────────[39m


[0m[0m[3mResult #16[0m [0m[33mMEDIUM[39m[0m [1mVPC Flow Logs is not enabled for VPC [0m [2m[0m
[0m[0m[90m─────────────────────────────────────────────────────────────────────────────────────────────────────────────────────────────────────────────────────────────────────────────
[0m[0m  [3mchallenge-3/network.tf[2m[3m:1-3
[0m[0m[90m─────────────────────────────────────────────────────────────────────────────────────────────────────────────────────────────────────────────────────────────────────────────[39m
[0m[0m[31m    1  [0m[0m [0m[0m [38;5;33mresource[0m [38;5;37m"aws_vpc"[0m [38;5;37m"main"[0m {[0m
[0m[31m    2  [0m[0m [0m[0m   [38;5;245mcidr_block[0m = [38;5;33mvar[0m.vpc_cidr[0m
[0m[31m    3  [0m[0m [0m[0m }[0m
[0m[90m─────────────────────────────────────────────────────────────────────────────────────────────────────────────────────────────────────────────────────────────────────────────[39m
[0m[0m  [2m        ID[0m[3m aws-ec2-require-vpc-flow-logs-for-all-vpcs
[0m[0m  [2m    Impact[0m Without VPC flow logs, you risk not having enough information about network traffic flow to investigate incidents or identify security issues.
[0m[0m  [2mResolution[0m Enable flow logs for VPC
[0m[0m
  [2mMore Information[0m[0m[0m
  [2m-[0m [34mhttps://aquasecurity.github.io/tfsec/v1.28.10/checks/aws/ec2/require-vpc-flow-logs-for-all-vpcs/[0m[0m
[90m─────────────────────────────────────────────────────────────────────────────────────────────────────────────────────────────────────────────────────────────────────────────[39m


[0m[0m[3mResult #17[0m [0m[33mMEDIUM[39m[0m [1mCluster has very low backup retention period.[0m [2m[0m
[0m[0m[90m─────────────────────────────────────────────────────────────────────────────────────────────────────────────────────────────────────────────────────────────────────────────
[0m[0m  [3mchallenge-3/rds.tf[2m[3m:10-30
[0m[0m[90m─────────────────────────────────────────────────────────────────────────────────────────────────────────────────────────────────────────────────────────────────────────────[39m
[0m[0m[31m   10  [0m[0m[31m┌[39m[0m[0m [38;5;33mresource[0m [38;5;37m"aws_rds_cluster"[0m [38;5;37m"main"[0m {[0m
[0m[31m   11  [0m[0m[31m│[39m[0m[0m   [38;5;245mcluster_identifier[0m          = [38;5;37m"challenge-3"[0m
[0m[31m   12  [0m[0m[31m│[39m[0m[0m [0m  [38;5;245mavailability_zones[0m          = [[38;5;64mfor[0m subnet [38;5;64min[0m [38;5;33mvar[0m.subnets.private [38;5;245m:[0m subnet.az][0m
[0m[31m   13  [0m[0m[31m│[39m[0m[0m   [38;5;245mengine[0m                      = [38;5;37m"postgres"[0m
[0m[31m   14  [0m[0m[31m│[39m[0m[0m [0m  [38;5;245mengine_mode[0m                 = [38;5;37m"provisioned"[0m
[0m[31m   15  [0m[0m[31m│[39m[0m[0m [0m  [38;5;245mengine_version[0m              = [38;5;33mvar[0m.rds_engine_version[0m
[0m[31m   16  [0m[0m[31m│[39m[0m[0m   [38;5;245mdb_cluster_instance_class[0m   = [38;5;33mvar[0m.rds_instance_class[0m
[0m[31m   17  [0m[0m[31m│[39m[0m[0m   [38;5;245mdb_subnet_group_name[0m        = aws_db_subnet_group.main.id[0m
[0m[31m   18  [0m[0m[31m└[39m[0m[0m   [38;5;245mstorage_type[0m                = [38;5;37m"io1"[0m
[0m[90m   ..  [0m
[0m[90m─────────────────────────────────────────────────────────────────────────────────────────────────────────────────────────────────────────────────────────────────────────────[39m
[0m[0m  [2m        ID[0m[3m aws-rds-specify-backup-retention
[0m[0m  [2m    Impact[0m Potential loss of data and short opportunity for recovery
[0m[0m  [2mResolution[0m Explicitly set the retention period to greater than the default
[0m[0m
  [2mMore Information[0m[0m[0m
  [2m-[0m [34mhttps://aquasecurity.github.io/tfsec/v1.28.10/checks/aws/rds/specify-backup-retention/[0m[0m
  [2m-[0m [34mhttps://registry.terraform.io/providers/hashicorp/aws/latest/docs/resources/rds_cluster#backup_retention_period[0m[0m
  [2m-[0m [34mhttps://registry.terraform.io/providers/hashicorp/aws/latest/docs/resources/db_instance#backup_retention_period[0m[0m
[90m─────────────────────────────────────────────────────────────────────────────────────────────────────────────────────────────────────────────────────────────────────────────[39m


[0m[0m[3mResult #18[0m [0m[33mMEDIUM[39m[0m [1mBucket does not have logging enabled[0m [2m[0m
[0m[0m[90m─────────────────────────────────────────────────────────────────────────────────────────────────────────────────────────────────────────────────────────────────────────────
[0m[0m  [3mchallenge-3/s3.tf[2m[3m:1-8
[0m[0m[90m─────────────────────────────────────────────────────────────────────────────────────────────────────────────────────────────────────────────────────────────────────────────[39m
[0m[0m[31m    1  [0m[0m [0m[0m [38;5;33mresource[0m [38;5;37m"aws_s3_bucket"[0m [38;5;37m"main"[0m {[0m
[0m[31m    2  [0m[0m [0m[0m   [38;5;245mbucket[0m        = [38;5;33mvar[0m.bucket_name[0m
[0m[31m    3  [0m[0m [0m[0m   [38;5;245mforce_destroy[0m = [38;5;166mtrue[0m
[0m[31m    4  [0m[0m [0m[0m [0m[0m
[0m[31m    5  [0m[0m [0m[0m   [38;5;245mtags[0m = {[0m
[0m[31m    6  [0m[0m [0m[0m     [38;5;245mName[0m = [38;5;33mvar[0m.bucket_name[0m
[0m[31m    7  [0m[0m [0m[0m   }[0m
[0m[31m    8  [0m[0m [0m[0m }[0m
[0m[90m─────────────────────────────────────────────────────────────────────────────────────────────────────────────────────────────────────────────────────────────────────────────[39m
[0m[0m  [2m        ID[0m[3m aws-s3-enable-bucket-logging
[0m[0m  [2m    Impact[0m There is no way to determine the access to this bucket
[0m[0m  [2mResolution[0m Add a logging block to the resource to enable access logging
[0m[0m
  [2mMore Information[0m[0m[0m
  [2m-[0m [34mhttps://aquasecurity.github.io/tfsec/v1.28.10/checks/aws/s3/enable-bucket-logging/[0m[0m
  [2m-[0m [34mhttps://registry.terraform.io/providers/hashicorp/aws/latest/docs/resources/s3_bucket[0m[0m
[90m─────────────────────────────────────────────────────────────────────────────────────────────────────────────────────────────────────────────────────────────────────────────[39m


[0m[0m[3mResult #19[0m [0m[33mMEDIUM[39m[0m [1mBucket does not have versioning enabled[0m [2m[0m
[0m[0m[90m─────────────────────────────────────────────────────────────────────────────────────────────────────────────────────────────────────────────────────────────────────────────
[0m[0m  [3mchallenge-3/s3.tf[2m[3m:1-8
[0m[0m[90m─────────────────────────────────────────────────────────────────────────────────────────────────────────────────────────────────────────────────────────────────────────────[39m
[0m[0m[31m    1  [0m[0m [0m[0m [38;5;33mresource[0m [38;5;37m"aws_s3_bucket"[0m [38;5;37m"main"[0m {[0m
[0m[31m    2  [0m[0m [0m[0m   [38;5;245mbucket[0m        = [38;5;33mvar[0m.bucket_name[0m
[0m[31m    3  [0m[0m [0m[0m   [38;5;245mforce_destroy[0m = [38;5;166mtrue[0m
[0m[31m    4  [0m[0m [0m[0m [0m[0m
[0m[31m    5  [0m[0m [0m[0m   [38;5;245mtags[0m = {[0m
[0m[31m    6  [0m[0m [0m[0m     [38;5;245mName[0m = [38;5;33mvar[0m.bucket_name[0m
[0m[31m    7  [0m[0m [0m[0m   }[0m
[0m[31m    8  [0m[0m [0m[0m }[0m
[0m[90m─────────────────────────────────────────────────────────────────────────────────────────────────────────────────────────────────────────────────────────────────────────────[39m
[0m[0m  [2m        ID[0m[3m aws-s3-enable-versioning
[0m[0m  [2m    Impact[0m Deleted or modified data would not be recoverable
[0m[0m  [2mResolution[0m Enable versioning to protect against accidental/malicious removal or modification
[0m[0m
  [2mMore Information[0m[0m[0m
  [2m-[0m [34mhttps://aquasecurity.github.io/tfsec/v1.28.10/checks/aws/s3/enable-versioning/[0m[0m
  [2m-[0m [34mhttps://registry.terraform.io/providers/hashicorp/aws/latest/docs/resources/s3_bucket#versioning[0m[0m
[90m─────────────────────────────────────────────────────────────────────────────────────────────────────────────────────────────────────────────────────────────────────────────[39m


[0m[0m[3mResult #20[0m [0m[97mLOW[39m[0m [1mBucket does not have a corresponding public access block.[0m [2m[0m
[0m[0m[90m─────────────────────────────────────────────────────────────────────────────────────────────────────────────────────────────────────────────────────────────────────────────
[0m[0m  [3mchallenge-3/s3.tf[2m[3m:1-8
[0m[0m[90m─────────────────────────────────────────────────────────────────────────────────────────────────────────────────────────────────────────────────────────────────────────────[39m
[0m[0m[31m    1  [0m[0m [0m[0m [38;5;33mresource[0m [38;5;37m"aws_s3_bucket"[0m [38;5;37m"main"[0m {[0m
[0m[31m    2  [0m[0m [0m[0m   [38;5;245mbucket[0m        = [38;5;33mvar[0m.bucket_name[0m
[0m[31m    3  [0m[0m [0m[0m   [38;5;245mforce_destroy[0m = [38;5;166mtrue[0m
[0m[31m    4  [0m[0m [0m[0m [0m[0m
[0m[31m    5  [0m[0m [0m[0m   [38;5;245mtags[0m = {[0m
[0m[31m    6  [0m[0m [0m[0m     [38;5;245mName[0m = [38;5;33mvar[0m.bucket_name[0m
[0m[31m    7  [0m[0m [0m[0m   }[0m
[0m[31m    8  [0m[0m [0m[0m }[0m
[0m[90m─────────────────────────────────────────────────────────────────────────────────────────────────────────────────────────────────────────────────────────────────────────────[39m
[0m[0m  [2m        ID[0m[3m aws-s3-specify-public-access-block
[0m[0m  [2m    Impact[0m Public access policies may be applied to sensitive data buckets
[0m[0m  [2mResolution[0m Define a aws_s3_bucket_public_access_block for the given bucket to control public access policies
[0m[0m
  [2mMore Information[0m[0m[0m
  [2m-[0m [34mhttps://aquasecurity.github.io/tfsec/v1.28.10/checks/aws/s3/specify-public-access-block/[0m[0m
  [2m-[0m [34mhttps://registry.terraform.io/providers/hashicorp/aws/latest/docs/resources/s3_bucket_public_access_block#bucket[0m[0m
[90m─────────────────────────────────────────────────────────────────────────────────────────────────────────────────────────────────────────────────────────────────────────────[39m


[0m[0m[3mResult #21[0m [0m[97mLOW[39m[0m [1mSecurity group rule does not have a description.[0m [2m[0m
[0m[0m[90m─────────────────────────────────────────────────────────────────────────────────────────────────────────────────────────────────────────────────────────────────────────────
[0m[0m  [3mchallenge-3/security.tf[2m[3m:11-18
[0m[0m[90m─────────────────────────────────────────────────────────────────────────────────────────────────────────────────────────────────────────────────────────────────────────────[39m
[0m[0m[31m   11  [0m[0m [0m[0m [38;5;33mresource[0m [38;5;37m"aws_security_group_rule"[0m [38;5;37m"lb_allow_http_ipv4_ingress"[0m {[0m
[0m[31m   12  [0m[0m [0m[0m   [38;5;245mtype[0m              = [38;5;37m"ingress"[0m
[0m[31m   13  [0m[0m [0m[0m [0m  [38;5;245mfrom_port[0m         = [38;5;37m80[0m
[0m[31m   14  [0m[0m [0m[0m [0m  [38;5;245mto_port[0m           = [38;5;37m80[0m
[0m[31m   15  [0m[0m [0m[0m [0m  [38;5;245mprotocol[0m          = [38;5;37m"tcp"[0m
[0m[31m   16  [0m[0m [0m[0m [0m  [38;5;245mcidr_blocks[0m       = [[38;5;37m"0.0.0.0/0"[0m][0m
[0m[31m   17  [0m[0m [0m[0m   [38;5;245msecurity_group_id[0m = aws_security_group.load_balancer.id[0m
[0m[31m   18  [0m[0m [0m[0m }[0m
[0m[90m─────────────────────────────────────────────────────────────────────────────────────────────────────────────────────────────────────────────────────────────────────────────[39m
[0m[0m  [2m        ID[0m[3m aws-ec2-add-description-to-security-group-rule
[0m[0m  [2m    Impact[0m Descriptions provide context for the firewall rule reasons
[0m[0m  [2mResolution[0m Add descriptions for all security groups rules
[0m[0m
  [2mMore Information[0m[0m[0m
  [2m-[0m [34mhttps://aquasecurity.github.io/tfsec/v1.28.10/checks/aws/ec2/add-description-to-security-group-rule/[0m[0m
  [2m-[0m [34mhttps://registry.terraform.io/providers/hashicorp/aws/latest/docs/resources/security_group[0m[0m
  [2m-[0m [34mhttps://registry.terraform.io/providers/hashicorp/aws/latest/docs/resources/security_group_rule[0m[0m
[90m─────────────────────────────────────────────────────────────────────────────────────────────────────────────────────────────────────────────────────────────────────────────[39m


[0m[0m[3mResult #22[0m [0m[97mLOW[39m[0m [1mSecurity group rule does not have a description.[0m [2m[0m
[0m[0m[90m─────────────────────────────────────────────────────────────────────────────────────────────────────────────────────────────────────────────────────────────────────────────
[0m[0m  [3mchallenge-3/security.tf[2m[3m:112-119
[0m[0m[90m─────────────────────────────────────────────────────────────────────────────────────────────────────────────────────────────────────────────────────────────────────────────[39m
[0m[0m[31m  112  [0m[0m [0m[0m [38;5;33mresource[0m [38;5;37m"aws_security_group_rule"[0m [38;5;37m"rds_allow_postgres_ipv4_ingress"[0m {[0m
[0m[31m  113  [0m[0m [0m[0m   [38;5;245mtype[0m                     = [38;5;37m"ingress"[0m
[0m[31m  114  [0m[0m [0m[0m [0m  [38;5;245mfrom_port[0m                = aws_rds_cluster.main.port[0m
[0m[31m  115  [0m[0m [0m[0m   [38;5;245mto_port[0m                  = aws_rds_cluster.main.port[0m
[0m[31m  116  [0m[0m [0m[0m   [38;5;245mprotocol[0m                 = [38;5;37m"tcp"[0m
[0m[31m  117  [0m[0m [0m[0m [0m  [38;5;245msource_security_group_id[0m = aws_security_group.autoscaling_group.id[0m
[0m[31m  118  [0m[0m [0m[0m   [38;5;245msecurity_group_id[0m        = aws_security_group.rds.id[0m
[0m[31m  119  [0m[0m [0m[0m }[0m
[0m[90m─────────────────────────────────────────────────────────────────────────────────────────────────────────────────────────────────────────────────────────────────────────────[39m
[0m[0m  [2m        ID[0m[3m aws-ec2-add-description-to-security-group-rule
[0m[0m  [2m    Impact[0m Descriptions provide context for the firewall rule reasons
[0m[0m  [2mResolution[0m Add descriptions for all security groups rules
[0m[0m
  [2mMore Information[0m[0m[0m
  [2m-[0m [34mhttps://aquasecurity.github.io/tfsec/v1.28.10/checks/aws/ec2/add-description-to-security-group-rule/[0m[0m
  [2m-[0m [34mhttps://registry.terraform.io/providers/hashicorp/aws/latest/docs/resources/security_group[0m[0m
  [2m-[0m [34mhttps://registry.terraform.io/providers/hashicorp/aws/latest/docs/resources/security_group_rule[0m[0m
[90m─────────────────────────────────────────────────────────────────────────────────────────────────────────────────────────────────────────────────────────────────────────────[39m


[0m[0m[3mResult #23[0m [0m[97mLOW[39m[0m [1mSecurity group rule does not have a description.[0m [2m[0m
[0m[0m[90m─────────────────────────────────────────────────────────────────────────────────────────────────────────────────────────────────────────────────────────────────────────────
[0m[0m  [3mchallenge-3/security.tf[2m[3m:121-128
[0m[0m[90m─────────────────────────────────────────────────────────────────────────────────────────────────────────────────────────────────────────────────────────────────────────────[39m
[0m[0m[31m  121  [0m[0m [0m[0m [38;5;33mresource[0m [38;5;37m"aws_security_group_rule"[0m [38;5;37m"rds_allow_postgres_ipv4_egress"[0m {[0m
[0m[31m  122  [0m[0m [0m[0m   [38;5;245mtype[0m                     = [38;5;37m"egress"[0m
[0m[31m  123  [0m[0m [0m[0m [0m  [38;5;245mfrom_port[0m                = aws_rds_cluster.main.port[0m
[0m[31m  124  [0m[0m [0m[0m   [38;5;245mto_port[0m                  = aws_rds_cluster.main.port[0m
[0m[31m  125  [0m[0m [0m[0m   [38;5;245mprotocol[0m                 = [38;5;37m"tcp"[0m
[0m[31m  126  [0m[0m [0m[0m [0m  [38;5;245msource_security_group_id[0m = aws_security_group.autoscaling_group.id[0m
[0m[31m  127  [0m[0m [0m[0m   [38;5;245msecurity_group_id[0m        = aws_security_group.rds.id[0m
[0m[31m  128  [0m[0m [0m[0m }[0m
[0m[90m─────────────────────────────────────────────────────────────────────────────────────────────────────────────────────────────────────────────────────────────────────────────[39m
[0m[0m  [2m        ID[0m[3m aws-ec2-add-description-to-security-group-rule
[0m[0m  [2m    Impact[0m Descriptions provide context for the firewall rule reasons
[0m[0m  [2mResolution[0m Add descriptions for all security groups rules
[0m[0m
  [2mMore Information[0m[0m[0m
  [2m-[0m [34mhttps://aquasecurity.github.io/tfsec/v1.28.10/checks/aws/ec2/add-description-to-security-group-rule/[0m[0m
  [2m-[0m [34mhttps://registry.terraform.io/providers/hashicorp/aws/latest/docs/resources/security_group[0m[0m
  [2m-[0m [34mhttps://registry.terraform.io/providers/hashicorp/aws/latest/docs/resources/security_group_rule[0m[0m
[90m─────────────────────────────────────────────────────────────────────────────────────────────────────────────────────────────────────────────────────────────────────────────[39m


[0m[0m[3mResult #24[0m [0m[97mLOW[39m[0m [1mSecurity group rule does not have a description.[0m [2m[0m
[0m[0m[90m─────────────────────────────────────────────────────────────────────────────────────────────────────────────────────────────────────────────────────────────────────────────
[0m[0m  [3mchallenge-3/security.tf[2m[3m:20-27
[0m[0m[90m─────────────────────────────────────────────────────────────────────────────────────────────────────────────────────────────────────────────────────────────────────────────[39m
[0m[0m[31m   20  [0m[0m [0m[0m [38;5;33mresource[0m [38;5;37m"aws_security_group_rule"[0m [38;5;37m"lb_allow_http_ipv4_egress"[0m {[0m
[0m[31m   21  [0m[0m [0m[0m   [38;5;245mtype[0m                     = [38;5;37m"egress"[0m
[0m[31m   22  [0m[0m [0m[0m [0m  [38;5;245mfrom_port[0m                = [38;5;37m80[0m
[0m[31m   23  [0m[0m [0m[0m [0m  [38;5;245mto_port[0m                  = [38;5;37m80[0m
[0m[31m   24  [0m[0m [0m[0m [0m  [38;5;245mprotocol[0m                 = [38;5;37m"tcp"[0m
[0m[31m   25  [0m[0m [0m[0m [0m  [38;5;245msource_security_group_id[0m = aws_security_group.autoscaling_group.id[0m
[0m[31m   26  [0m[0m [0m[0m   [38;5;245msecurity_group_id[0m        = aws_security_group.load_balancer.id[0m
[0m[31m   27  [0m[0m [0m[0m }[0m
[0m[90m─────────────────────────────────────────────────────────────────────────────────────────────────────────────────────────────────────────────────────────────────────────────[39m
[0m[0m  [2m        ID[0m[3m aws-ec2-add-description-to-security-group-rule
[0m[0m  [2m    Impact[0m Descriptions provide context for the firewall rule reasons
[0m[0m  [2mResolution[0m Add descriptions for all security groups rules
[0m[0m
  [2mMore Information[0m[0m[0m
  [2m-[0m [34mhttps://aquasecurity.github.io/tfsec/v1.28.10/checks/aws/ec2/add-description-to-security-group-rule/[0m[0m
  [2m-[0m [34mhttps://registry.terraform.io/providers/hashicorp/aws/latest/docs/resources/security_group[0m[0m
  [2m-[0m [34mhttps://registry.terraform.io/providers/hashicorp/aws/latest/docs/resources/security_group_rule[0m[0m
[90m─────────────────────────────────────────────────────────────────────────────────────────────────────────────────────────────────────────────────────────────────────────────[39m


[0m[0m[3mResult #25[0m [0m[97mLOW[39m[0m [1mSecurity group rule does not have a description.[0m [2m[0m
[0m[0m[90m─────────────────────────────────────────────────────────────────────────────────────────────────────────────────────────────────────────────────────────────────────────────
[0m[0m  [3mchallenge-3/security.tf[2m[3m:39-46
[0m[0m[90m─────────────────────────────────────────────────────────────────────────────────────────────────────────────────────────────────────────────────────────────────────────────[39m
[0m[0m[31m   39  [0m[0m [0m[0m [38;5;33mresource[0m [38;5;37m"aws_security_group_rule"[0m [38;5;37m"asg_allow_http_ipv4_ingress"[0m {[0m
[0m[31m   40  [0m[0m [0m[0m   [38;5;245mtype[0m                     = [38;5;37m"ingress"[0m
[0m[31m   41  [0m[0m [0m[0m [0m  [38;5;245mfrom_port[0m                = [38;5;37m80[0m
[0m[31m   42  [0m[0m [0m[0m [0m  [38;5;245mto_port[0m                  = [38;5;37m80[0m
[0m[31m   43  [0m[0m [0m[0m [0m  [38;5;245mprotocol[0m                 = [38;5;37m"tcp"[0m
[0m[31m   44  [0m[0m [0m[0m [0m  [38;5;245msource_security_group_id[0m = aws_security_group.load_balancer.id[0m
[0m[31m   45  [0m[0m [0m[0m   [38;5;245msecurity_group_id[0m        = aws_security_group.autoscaling_group.id[0m
[0m[31m   46  [0m[0m [0m[0m }[0m
[0m[90m─────────────────────────────────────────────────────────────────────────────────────────────────────────────────────────────────────────────────────────────────────────────[39m
[0m[0m  [2m        ID[0m[3m aws-ec2-add-description-to-security-group-rule
[0m[0m  [2m    Impact[0m Descriptions provide context for the firewall rule reasons
[0m[0m  [2mResolution[0m Add descriptions for all security groups rules
[0m[0m
  [2mMore Information[0m[0m[0m
  [2m-[0m [34mhttps://aquasecurity.github.io/tfsec/v1.28.10/checks/aws/ec2/add-description-to-security-group-rule/[0m[0m
  [2m-[0m [34mhttps://registry.terraform.io/providers/hashicorp/aws/latest/docs/resources/security_group[0m[0m
  [2m-[0m [34mhttps://registry.terraform.io/providers/hashicorp/aws/latest/docs/resources/security_group_rule[0m[0m
[90m─────────────────────────────────────────────────────────────────────────────────────────────────────────────────────────────────────────────────────────────────────────────[39m


[0m[0m[3mResult #26[0m [0m[97mLOW[39m[0m [1mSecurity group rule does not have a description.[0m [2m[0m
[0m[0m[90m─────────────────────────────────────────────────────────────────────────────────────────────────────────────────────────────────────────────────────────────────────────────
[0m[0m  [3mchallenge-3/security.tf[2m[3m:48-55
[0m[0m[90m─────────────────────────────────────────────────────────────────────────────────────────────────────────────────────────────────────────────────────────────────────────────[39m
[0m[0m[31m   48  [0m[0m [0m[0m [38;5;33mresource[0m [38;5;37m"aws_security_group_rule"[0m [38;5;37m"asg_allow_http_ipv4_egress"[0m {[0m
[0m[31m   49  [0m[0m [0m[0m   [38;5;245mtype[0m              = [38;5;37m"egress"[0m
[0m[31m   50  [0m[0m [0m[0m [0m  [38;5;245mfrom_port[0m         = [38;5;37m80[0m
[0m[31m   51  [0m[0m [0m[0m [0m  [38;5;245mto_port[0m           = [38;5;37m80[0m
[0m[31m   52  [0m[0m [0m[0m [0m  [38;5;245mprotocol[0m          = [38;5;37m"tcp"[0m
[0m[31m   53  [0m[0m [0m[0m [0m  [38;5;245mcidr_blocks[0m       = [[38;5;37m"0.0.0.0/0"[0m][0m
[0m[31m   54  [0m[0m [0m[0m   [38;5;245msecurity_group_id[0m = aws_security_group.autoscaling_group.id[0m
[0m[31m   55  [0m[0m [0m[0m }[0m
[0m[90m─────────────────────────────────────────────────────────────────────────────────────────────────────────────────────────────────────────────────────────────────────────────[39m
[0m[0m  [2m        ID[0m[3m aws-ec2-add-description-to-security-group-rule
[0m[0m  [2m    Impact[0m Descriptions provide context for the firewall rule reasons
[0m[0m  [2mResolution[0m Add descriptions for all security groups rules
[0m[0m
  [2mMore Information[0m[0m[0m
  [2m-[0m [34mhttps://aquasecurity.github.io/tfsec/v1.28.10/checks/aws/ec2/add-description-to-security-group-rule/[0m[0m
  [2m-[0m [34mhttps://registry.terraform.io/providers/hashicorp/aws/latest/docs/resources/security_group[0m[0m
  [2m-[0m [34mhttps://registry.terraform.io/providers/hashicorp/aws/latest/docs/resources/security_group_rule[0m[0m
[90m─────────────────────────────────────────────────────────────────────────────────────────────────────────────────────────────────────────────────────────────────────────────[39m


[0m[0m[3mResult #27[0m [0m[97mLOW[39m[0m [1mSecurity group rule does not have a description.[0m [2m[0m
[0m[0m[90m─────────────────────────────────────────────────────────────────────────────────────────────────────────────────────────────────────────────────────────────────────────────
[0m[0m  [3mchallenge-3/security.tf[2m[3m:57-64
[0m[0m[90m─────────────────────────────────────────────────────────────────────────────────────────────────────────────────────────────────────────────────────────────────────────────[39m
[0m[0m[31m   57  [0m[0m [0m[0m [38;5;33mresource[0m [38;5;37m"aws_security_group_rule"[0m [38;5;37m"asg_allow_https_ipv4_egress"[0m {[0m
[0m[31m   58  [0m[0m [0m[0m   [38;5;245mtype[0m              = [38;5;37m"egress"[0m
[0m[31m   59  [0m[0m [0m[0m [0m  [38;5;245mfrom_port[0m         = [38;5;37m443[0m
[0m[31m   60  [0m[0m [0m[0m [0m  [38;5;245mto_port[0m           = [38;5;37m443[0m
[0m[31m   61  [0m[0m [0m[0m [0m  [38;5;245mprotocol[0m          = [38;5;37m"tcp"[0m
[0m[31m   62  [0m[0m [0m[0m [0m  [38;5;245mcidr_blocks[0m       = [[38;5;37m"0.0.0.0/0"[0m][0m
[0m[31m   63  [0m[0m [0m[0m   [38;5;245msecurity_group_id[0m = aws_security_group.autoscaling_group.id[0m
[0m[31m   64  [0m[0m [0m[0m }[0m
[0m[90m─────────────────────────────────────────────────────────────────────────────────────────────────────────────────────────────────────────────────────────────────────────────[39m
[0m[0m  [2m        ID[0m[3m aws-ec2-add-description-to-security-group-rule
[0m[0m  [2m    Impact[0m Descriptions provide context for the firewall rule reasons
[0m[0m  [2mResolution[0m Add descriptions for all security groups rules
[0m[0m
  [2mMore Information[0m[0m[0m
  [2m-[0m [34mhttps://aquasecurity.github.io/tfsec/v1.28.10/checks/aws/ec2/add-description-to-security-group-rule/[0m[0m
  [2m-[0m [34mhttps://registry.terraform.io/providers/hashicorp/aws/latest/docs/resources/security_group[0m[0m
  [2m-[0m [34mhttps://registry.terraform.io/providers/hashicorp/aws/latest/docs/resources/security_group_rule[0m[0m
[90m─────────────────────────────────────────────────────────────────────────────────────────────────────────────────────────────────────────────────────────────────────────────[39m


[0m[0m[3mResult #28[0m [0m[97mLOW[39m[0m [1mSecurity group rule does not have a description.[0m [2m[0m
[0m[0m[90m─────────────────────────────────────────────────────────────────────────────────────────────────────────────────────────────────────────────────────────────────────────────
[0m[0m  [3mchallenge-3/security.tf[2m[3m:66-73
[0m[0m[90m─────────────────────────────────────────────────────────────────────────────────────────────────────────────────────────────────────────────────────────────────────────────[39m
[0m[0m[31m   66  [0m[0m [0m[0m [38;5;33mresource[0m [38;5;37m"aws_security_group_rule"[0m [38;5;37m"asg_allow_ssh_ipv4_egress"[0m {[0m
[0m[31m   67  [0m[0m [0m[0m   [38;5;245mtype[0m                     = [38;5;37m"egress"[0m
[0m[31m   68  [0m[0m [0m[0m [0m  [38;5;245mfrom_port[0m                = [38;5;37m22[0m
[0m[31m   69  [0m[0m [0m[0m [0m  [38;5;245mto_port[0m                  = [38;5;37m22[0m
[0m[31m   70  [0m[0m [0m[0m [0m  [38;5;245mprotocol[0m                 = [38;5;37m"tcp"[0m
[0m[31m   71  [0m[0m [0m[0m [0m  [38;5;245msource_security_group_id[0m = aws_vpc.main.default_security_group_id[0m
[0m[31m   72  [0m[0m [0m[0m   [38;5;245msecurity_group_id[0m        = aws_security_group.autoscaling_group.id[0m
[0m[31m   73  [0m[0m [0m[0m }[0m
[0m[90m─────────────────────────────────────────────────────────────────────────────────────────────────────────────────────────────────────────────────────────────────────────────[39m
[0m[0m  [2m        ID[0m[3m aws-ec2-add-description-to-security-group-rule
[0m[0m  [2m    Impact[0m Descriptions provide context for the firewall rule reasons
[0m[0m  [2mResolution[0m Add descriptions for all security groups rules
[0m[0m
  [2mMore Information[0m[0m[0m
  [2m-[0m [34mhttps://aquasecurity.github.io/tfsec/v1.28.10/checks/aws/ec2/add-description-to-security-group-rule/[0m[0m
  [2m-[0m [34mhttps://registry.terraform.io/providers/hashicorp/aws/latest/docs/resources/security_group[0m[0m
  [2m-[0m [34mhttps://registry.terraform.io/providers/hashicorp/aws/latest/docs/resources/security_group_rule[0m[0m
[90m─────────────────────────────────────────────────────────────────────────────────────────────────────────────────────────────────────────────────────────────────────────────[39m


[0m[0m[3mResult #29[0m [0m[97mLOW[39m[0m [1mSecurity group rule does not have a description.[0m [2m[0m
[0m[0m[90m─────────────────────────────────────────────────────────────────────────────────────────────────────────────────────────────────────────────────────────────────────────────
[0m[0m  [3mchallenge-3/security.tf[2m[3m:75-82
[0m[0m[90m─────────────────────────────────────────────────────────────────────────────────────────────────────────────────────────────────────────────────────────────────────────────[39m
[0m[0m[31m   75  [0m[0m [0m[0m [38;5;33mresource[0m [38;5;37m"aws_security_group_rule"[0m [38;5;37m"asg_allow_ssh_ipv4_ingress"[0m {[0m
[0m[31m   76  [0m[0m [0m[0m   [38;5;245mtype[0m              = [38;5;37m"ingress"[0m
[0m[31m   77  [0m[0m [0m[0m [0m  [38;5;245mfrom_port[0m         = [38;5;37m22[0m
[0m[31m   78  [0m[0m [0m[0m [0m  [38;5;245mto_port[0m           = [38;5;37m22[0m
[0m[31m   79  [0m[0m [0m[0m [0m  [38;5;245mprotocol[0m          = [38;5;37m"tcp"[0m
[0m[31m   80  [0m[0m [0m[0m [0m  [38;5;245mcidr_blocks[0m       = [[38;5;37m"0.0.0.0/0"[0m][0m
[0m[31m   81  [0m[0m [0m[0m   [38;5;245msecurity_group_id[0m = aws_security_group.autoscaling_group.id[0m
[0m[31m   82  [0m[0m [0m[0m }[0m
[0m[90m─────────────────────────────────────────────────────────────────────────────────────────────────────────────────────────────────────────────────────────────────────────────[39m
[0m[0m  [2m        ID[0m[3m aws-ec2-add-description-to-security-group-rule
[0m[0m  [2m    Impact[0m Descriptions provide context for the firewall rule reasons
[0m[0m  [2mResolution[0m Add descriptions for all security groups rules
[0m[0m
  [2mMore Information[0m[0m[0m
  [2m-[0m [34mhttps://aquasecurity.github.io/tfsec/v1.28.10/checks/aws/ec2/add-description-to-security-group-rule/[0m[0m
  [2m-[0m [34mhttps://registry.terraform.io/providers/hashicorp/aws/latest/docs/resources/security_group[0m[0m
  [2m-[0m [34mhttps://registry.terraform.io/providers/hashicorp/aws/latest/docs/resources/security_group_rule[0m[0m
[90m─────────────────────────────────────────────────────────────────────────────────────────────────────────────────────────────────────────────────────────────────────────────[39m


[0m[0m[3mResult #30[0m [0m[97mLOW[39m[0m [1mSecurity group rule does not have a description.[0m [2m[0m
[0m[0m[90m─────────────────────────────────────────────────────────────────────────────────────────────────────────────────────────────────────────────────────────────────────────────
[0m[0m  [3mchallenge-3/security.tf[2m[3m:84-91
[0m[0m[90m─────────────────────────────────────────────────────────────────────────────────────────────────────────────────────────────────────────────────────────────────────────────[39m
[0m[0m[31m   84  [0m[0m [0m[0m [38;5;33mresource[0m [38;5;37m"aws_security_group_rule"[0m [38;5;37m"asg_allow_postgres_ipv4_egress"[0m {[0m
[0m[31m   85  [0m[0m [0m[0m   [38;5;245mtype[0m                     = [38;5;37m"egress"[0m
[0m[31m   86  [0m[0m [0m[0m [0m  [38;5;245mfrom_port[0m                = aws_rds_cluster.main.port[0m
[0m[31m   87  [0m[0m [0m[0m   [38;5;245mto_port[0m                  = aws_rds_cluster.main.port[0m
[0m[31m   88  [0m[0m [0m[0m   [38;5;245mprotocol[0m                 = [38;5;37m"tcp"[0m
[0m[31m   89  [0m[0m [0m[0m [0m  [38;5;245msource_security_group_id[0m = aws_security_group.rds.id[0m
[0m[31m   90  [0m[0m [0m[0m   [38;5;245msecurity_group_id[0m        = aws_security_group.autoscaling_group.id[0m
[0m[31m   91  [0m[0m [0m[0m }[0m
[0m[90m─────────────────────────────────────────────────────────────────────────────────────────────────────────────────────────────────────────────────────────────────────────────[39m
[0m[0m  [2m        ID[0m[3m aws-ec2-add-description-to-security-group-rule
[0m[0m  [2m    Impact[0m Descriptions provide context for the firewall rule reasons
[0m[0m  [2mResolution[0m Add descriptions for all security groups rules
[0m[0m
  [2mMore Information[0m[0m[0m
  [2m-[0m [34mhttps://aquasecurity.github.io/tfsec/v1.28.10/checks/aws/ec2/add-description-to-security-group-rule/[0m[0m
  [2m-[0m [34mhttps://registry.terraform.io/providers/hashicorp/aws/latest/docs/resources/security_group[0m[0m
  [2m-[0m [34mhttps://registry.terraform.io/providers/hashicorp/aws/latest/docs/resources/security_group_rule[0m[0m
[90m─────────────────────────────────────────────────────────────────────────────────────────────────────────────────────────────────────────────────────────────────────────────[39m


[0m[0m[3mResult #31[0m [0m[97mLOW[39m[0m [1mSecurity group rule does not have a description.[0m [2m[0m
[0m[0m[90m─────────────────────────────────────────────────────────────────────────────────────────────────────────────────────────────────────────────────────────────────────────────
[0m[0m  [3mchallenge-3/security.tf[2m[3m:93-100
[0m[0m[90m─────────────────────────────────────────────────────────────────────────────────────────────────────────────────────────────────────────────────────────────────────────────[39m
[0m[0m[31m   93  [0m[0m [0m[0m [38;5;33mresource[0m [38;5;37m"aws_security_group_rule"[0m [38;5;37m"asg_allow_postgres_ipv4_ingress"[0m {[0m
[0m[31m   94  [0m[0m [0m[0m   [38;5;245mtype[0m                     = [38;5;37m"ingress"[0m
[0m[31m   95  [0m[0m [0m[0m [0m  [38;5;245mfrom_port[0m                = aws_rds_cluster.main.port[0m
[0m[31m   96  [0m[0m [0m[0m   [38;5;245mto_port[0m                  = aws_rds_cluster.main.port[0m
[0m[31m   97  [0m[0m [0m[0m   [38;5;245mprotocol[0m                 = [38;5;37m"tcp"[0m
[0m[31m   98  [0m[0m [0m[0m [0m  [38;5;245msource_security_group_id[0m = aws_security_group.rds.id[0m
[0m[31m   99  [0m[0m [0m[0m   [38;5;245msecurity_group_id[0m        = aws_security_group.autoscaling_group.id[0m
[0m[31m  100  [0m[0m [0m[0m }[0m
[0m[90m─────────────────────────────────────────────────────────────────────────────────────────────────────────────────────────────────────────────────────────────────────────────[39m
[0m[0m  [2m        ID[0m[3m aws-ec2-add-description-to-security-group-rule
[0m[0m  [2m    Impact[0m Descriptions provide context for the firewall rule reasons
[0m[0m  [2mResolution[0m Add descriptions for all security groups rules
[0m[0m
  [2mMore Information[0m[0m[0m
  [2m-[0m [34mhttps://aquasecurity.github.io/tfsec/v1.28.10/checks/aws/ec2/add-description-to-security-group-rule/[0m[0m
  [2m-[0m [34mhttps://registry.terraform.io/providers/hashicorp/aws/latest/docs/resources/security_group[0m[0m
  [2m-[0m [34mhttps://registry.terraform.io/providers/hashicorp/aws/latest/docs/resources/security_group_rule[0m[0m
[90m─────────────────────────────────────────────────────────────────────────────────────────────────────────────────────────────────────────────────────────────────────────────[39m


[0m[0m  [1mtimings[0m
  ──────────────────────────────────────────
[0m[0m  [2mdisk i/o            [0m 191.736µs
[0m[0m  [2mparsing             [0m 4.978184ms
[0m[0m  [2madaptation          [0m 2.614245ms
[0m[0m  [2mchecks              [0m 26.583382ms
[0m[0m  [2mtotal               [0m 34.367547ms
[0m
[0m  [1mcounts[0m
  ──────────────────────────────────────────
[0m[0m  [2mmodules downloaded  [0m 0
[0m[0m  [2mmodules processed   [0m 1
[0m[0m  [2mblocks processed    [0m 57
[0m[0m  [2mfiles read          [0m 10
[0m
[0m  [1mresults[0m
  ──────────────────────────────────────────
[0m[0m  [2mpassed              [0m 25
[0m[0m  [2mignored             [0m 0
[0m[0m  [2mcritical            [0m 4
[0m[0m  [2mhigh                [0m 11
[0m[0m  [2mmedium              [0m 4
[0m[0m  [2mlow                 [0m 12
[0m
[0m  [31m[1m25 passed, 31 potential problem(s) detected.

[0m